生成启动时间为 2016/10/5 20:51:30。
     1>项目“G:\vmp\dts\dts\dts.vcxproj”在节点 2 上(build 个目标)。
     1>InitializeBuildStatus:
         正在创建“Debug\dts.unsuccessfulbuild”，因为已指定“AlwaysCreate”。
       ClCompile:
         C:\Program Files (x86)\Microsoft Visual Studio 10.0\VC\bin\CL.exe /c /ZI /nologo /W3 /WX- /Od /Oy- /D _MBCS /Gm /EHsc /RTC1 /MDd /GS /fp:precise /Zc:wchar_t /Zc:forScope /Fo"Debug\\" /Fd"Debug\vc100.pdb" /Gd /TP /analyze- /errorReport:prompt global.cpp main.cpp tools.cpp
         global.cpp
         正在生成代码...
         正在编译...
         tools.cpp
         main.cpp
         正在生成代码...
       Link:
         C:\Program Files (x86)\Microsoft Visual Studio 10.0\VC\bin\link.exe /ERRORREPORT:PROMPT /OUT:"G:\vmp\dts\Debug\dts.exe" /NOLOGO kernel32.lib user32.lib gdi32.lib winspool.lib comdlg32.lib advapi32.lib shell32.lib ole32.lib oleaut32.lib uuid.lib odbc32.lib odbccp32.lib /MANIFEST /ManifestFile:"Debug\dts.exe.intermediate.manifest" /MANIFESTUAC:"level='asInvoker' uiAccess='false'" /DEBUG /PDB:"G:\vmp\dts\Debug\dts.pdb" /TLBID:1 /DYNAMICBASE /NXCOMPAT /IMPLIB:"G:\vmp\dts\Debug\dts.lib" /MACHINE:X86 Debug\global.obj
         Debug\main.obj
         Debug\tools.obj
         LINK : 没有找到 G:\vmp\dts\Debug\dts.exe 或上一个增量链接没有生成它；正在执行完全链接
         dts.vcxproj -> G:\vmp\dts\Debug\dts.exe
       Manifest:
         C:\Program Files (x86)\Microsoft SDKs\Windows\v7.0A\bin\mt.exe /nologo /verbose /outputresource:"G:\vmp\dts\Debug\dts.exe;#1" /manifest Debug\dts.exe.intermediate.manifest
       FinalizeBuildStatus:
         正在删除文件“Debug\dts.unsuccessfulbuild”。
         正在对“Debug\dts.lastbuildstate”执行 Touch 任务。
     1>已完成生成项目“G:\vmp\dts\dts\dts.vcxproj”(build 个目标)的操作。

生成成功。

已用时间 00:00:02.08
